2014-02-02 14:27:13: ----- Auftrag 'Neuer Auftrag': ANALYSE gestartet durch On File Change Incremental auf folgendem PC 'Andreas Islers MacBook Pro' (GoodSync v 4.4.7.7) -----
2014-02-02 14:27:13: ftp://openmetrics.ch/httpdocs/andi <-> /Users/aisler/Sites/Quanty, NoWaitForLocks, UberUnlocked, ResolveConflicts=RightToLeft
2014-02-02 14:27:13: rechts: State File has changed, so re-read it: /Users/aisler/Sites/Quanty/_gsdata_/_file_state_v4._gs
2014-02-02 14:27:13: Not using cached state file, because remote state file has changed since last Sync:
State file: /Users/aisler/Sites/Quanty/_gsdata_/_file_state_v4._gs
name= folder=0 link=0 file=0 attrs=0 size=-1 mod-time=(null-time) cre-time=(null-time) ab=0 dsply= cmnt= != 
name= folder=0 link=0 file=1 attrs=800001A4 size=1898 mod-time=2014-02-02 14:26:46 cre-time=2014-02-02 14:26:46 ab=0 dsply= cmnt=
2014-02-02 14:27:13: Deleting old mirror state file (left by unfinished sync): /Users/aisler/.goodsync/_mirrors_/-Users-aisler-Sites-Quanty/_file_state_v4._gs
2014-02-02 14:27:13: rechts: State file does not exist (bad local continuation): /Users/aisler/Sites/Quanty/_gsdata_/_file_state_v4._gs
2014-02-02 14:27:13: Change in: /Users/aisler/Sites/Quanty/fonts/glyphicons-halflings-regular.svg
2014-02-02 14:27:13: Change in: /Users/aisler/Sites/Quanty/js
2014-02-02 14:27:13: Change in: /Users/aisler/Sites/Quanty/web/images
2014-02-02 14:27:13: Change in: /Users/aisler/Sites/Quanty/web/w3layouts-license.txt
2014-02-02 14:27:13: Change in: /Users/aisler/Sites/Quanty/smartphone/css/style.css
2014-02-02 14:27:13: Change in: /Users/aisler/Sites/Quanty/templates/navbar template
2014-02-02 14:27:13: Change in: /Users/aisler/Sites/Quanty/mobile/images/facebook.png
2014-02-02 14:27:13: Change in: /Users/aisler/Sites/Quanty/mobile/images/bg.png
2014-02-02 14:27:13: Change in: /Users/aisler/Sites/Quanty/css
2014-02-02 14:27:13: Change in: /Users/aisler/Sites/Quanty/web/images/arrow.png
2014-02-02 14:27:13: Change in: /Users/aisler/Sites/Quanty/mobile/css
2014-02-02 14:27:13: Change in: /Users/aisler/Sites/Quanty/index.php
2014-02-02 14:27:13: Change in: /Users/aisler/Sites/Quanty/css/bootstrap-theme.min.css
2014-02-02 14:27:13: Change in: /Users/aisler/Sites/Quanty/w3layouts-license.txt
2014-02-02 14:27:13: Change in: /Users/aisler/Sites/Quanty/css/bootstrap.min.css
2014-02-02 14:27:13: Change in: /Users/aisler/Sites/Quanty/smartphone/images/arrow.png
2014-02-02 14:27:13: Change in: /Users/aisler/Sites/Quanty/.gitignore
2014-02-02 14:27:13: Change in: /Users/aisler/Sites/Quanty/web/css
2014-02-02 14:27:13: Change in: /Users/aisler/Sites/Quanty/smartphone/images/top.png
2014-02-02 14:27:13: Change in: /Users/aisler/Sites/Quanty/web/css/style.css
2014-02-02 14:27:13: Change in: /Users/aisler/Sites/Quanty/mobile/images/twitter.png
2014-02-02 14:27:13: Change in: /Users/aisler/Sites/Quanty/js/maps.js
2014-02-02 14:27:13: Change in: /Users/aisler/Sites/Quanty/web/images/top.png
2014-02-02 14:27:13: Change in: /Users/aisler/Sites/Quanty/web/images/twitter.png
2014-02-02 14:27:13: Change in: /Users/aisler/Sites/Quanty/css/quanty.css
2014-02-02 14:27:13: Change in: /Users/aisler/Sites/Quanty/web/images/facebook.png
2014-02-02 14:27:13: Change in: /Users/aisler/Sites/Quanty/smartphone/images/bg.png
2014-02-02 14:27:13: Change in: /Users/aisler/Sites/Quanty/css/bootstrap.css
2014-02-02 14:27:13: Change in: /Users/aisler/Sites/Quanty/smartphone/w3layouts-license.txt
2014-02-02 14:27:13: Change in: /Users/aisler/Sites/Quanty/app/contact.php
2014-02-02 14:27:13: Change in: /Users/aisler/Sites/Quanty/mobile/css/style.css
2014-02-02 14:27:13: Change in: /Users/aisler/Sites/Quanty/mobile/images/coming.png
2014-02-02 14:27:13: Change in: /Users/aisler/Sites/Quanty/mobile/index.html
2014-02-02 14:27:13: Change in: /Users/aisler/Sites/Quanty/fonts
2014-02-02 14:27:13: Change in: /Users/aisler/Sites/Quanty/mobile/w3layouts-license.txt
2014-02-02 14:27:13: Change in: /Users/aisler/Sites/Quanty/img
2014-02-02 14:27:13: Change in: /Users/aisler/Sites/Quanty/smartphone
2014-02-02 14:27:13: Change in: /Users/aisler/Sites/Quanty/.git/logs/refs/stash
2014-02-02 14:27:13: Change in: /Users/aisler/Sites/Quanty/templates
2014-02-02 14:27:13: Change in: /Users/aisler/Sites/Quanty/web/index.html
2014-02-02 14:27:13: Change in: /Users/aisler/Sites/Quanty/index.html
2014-02-02 14:27:13: Change in: /Users/aisler/Sites/Quanty/.git/logs/refs/stash.lock
2014-02-02 14:27:13: Change in: /Users/aisler/Sites/Quanty/smartphone/index.html
2014-02-02 14:27:13: Change in: /Users/aisler/Sites/Quanty/mobile/images
2014-02-02 14:27:13: Change in: /Users/aisler/Sites/Quanty/smartphone/images/twitter.png
2014-02-02 14:27:13: Change in: /Users/aisler/Sites/Quanty/smartphone/images/coming.png
2014-02-02 14:27:13: Change in: /Users/aisler/Sites/Quanty/web/images/bg.png
2014-02-02 14:27:13: Change in: /Users/aisler/Sites/Quanty/mobile/images/arrow.png
2014-02-02 14:27:13: Change in: /Users/aisler/Sites/Quanty/mobile
2014-02-02 14:27:13: Change in: /Users/aisler/Sites/Quanty/app/config.php
2014-02-02 14:27:13: Change in: /Users/aisler/Sites/Quanty/test.html
2014-02-02 14:27:13: Change in: /Users/aisler/Sites/Quanty/.git/HEAD
2014-02-02 14:27:13: Change in: /Users/aisler/Sites/Quanty/smartphone/css
2014-02-02 14:27:13: Change in: /Users/aisler/Sites/Quanty/smartphone/images
2014-02-02 14:27:13: Change in: /Users/aisler/Sites/Quanty/smartphone/images/facebook.png
2014-02-02 14:27:13: Change in: /Users/aisler/Sites/Quanty/.git/logs/HEAD
2014-02-02 14:27:13: Change in: /Users/aisler/Sites/Quanty/.git/HEAD.lock
2014-02-02 14:27:13: Change in: /Users/aisler/Sites/Quanty/js/bootstrap.min.js
2014-02-02 14:27:13: Change in: /Users/aisler/Sites/Quanty/mobile/images/top.png
2014-02-02 14:27:13: Change in: /Users/aisler/Sites/Quanty/css/bootstrap-theme.css.map
2014-02-02 14:27:13: Change in: /Users/aisler/Sites/Quanty/fonts/glyphicons-halflings-regular.ttf
2014-02-02 14:27:13: Change in: /Users/aisler/Sites/Quanty/web/images/coming.png
2014-02-02 14:27:13: Change in: /Users/aisler/Sites/Quanty/js/bootstrap.js
2014-02-02 14:27:13: Change in: /Users/aisler/Sites/Quanty
2014-02-02 14:27:13: Change in: /Users/aisler/Sites/Quanty/img/glyphicons-halflings.png
2014-02-02 14:27:13: Change in: /Users/aisler/Sites/Quanty/.git/refs/stash
2014-02-02 14:27:13: Change in: /Users/aisler/Sites/Quanty/app
2014-02-02 14:27:13: Change in: /Users/aisler/Sites/Quanty/.htaccess
2014-02-02 14:27:13: Change in: /Users/aisler/Sites/Quanty/fonts/glyphicons-halflings-regular.eot
2014-02-02 14:27:13: Change in: /Users/aisler/Sites/Quanty/css/bootstrap.css.map
2014-02-02 14:27:13: Change in: /Users/aisler/Sites/Quanty/fonts/glyphicons-halflings-regular.woff
2014-02-02 14:27:13: Change in: /Users/aisler/Sites/Quanty/app/detect.php
2014-02-02 14:27:13: Change in: /Users/aisler/Sites/Quanty/img/glyphicons-halflings-white.png
2014-02-02 14:27:13: Change in: /Users/aisler/Sites/Quanty/web
2014-02-02 14:27:13: Change in: /Users/aisler/Sites/Quanty/.git/index
2014-02-02 14:27:13: Change in: /Users/aisler/Sites/Quanty/css/bootstrap-theme.css
2014-02-02 14:27:13: Änderungen: 46, Konflikte: 0, Kopierdauer: 0, Kopierstatus: 11/32, Fehler: 0
2014-02-02 14:27:13: Left to Right: Copy File: 22 Copy State: 11 
2014-02-02 14:27:13: Right to Left: Copy File: 24 
2014-02-02 14:27:13: ----- Analyse abgeschlossen. Dauer 00:00:01, Geschwindigkeit: 54 Datei/en -----
2014-02-02 14:27:13: ===== Auftrag 'Neuer Auftrag': SYNC gestartet durch On File Change Incremental durch folgenden PC 'Andreas Islers MacBook Pro' =====
2014-02-02 14:27:13: ftp://openmetrics.ch/httpdocs/andi <-> /Users/aisler/Sites/Quanty, NoWaitForLocks, UberUnlocked, ResolveConflicts=RightToLeft
2014-02-02 14:27:13: Erstelle Ordner '/Users/aisler/Sites/Quanty/app'
2014-02-02 14:27:13: Erstelle Ordner 'ftp://openmetrics.ch/httpdocs/andi/css'
2014-02-02 14:27:13: Erstelle Ordner 'ftp://openmetrics.ch/httpdocs/andi/fonts'
2014-02-02 14:27:13: Erstelle Ordner 'ftp://openmetrics.ch/httpdocs/andi/img'
2014-02-02 14:27:13: Erstelle Ordner 'ftp://openmetrics.ch/httpdocs/andi/js'
2014-02-02 14:27:13: Erstelle Ordner '/Users/aisler/Sites/Quanty/mobile'
2014-02-02 14:27:13: Erstelle Ordner '/Users/aisler/Sites/Quanty/mobile/css'
2014-02-02 14:27:13: Erstelle Ordner '/Users/aisler/Sites/Quanty/mobile/images'
2014-02-02 14:27:13: Erstelle Ordner '/Users/aisler/Sites/Quanty/smartphone'
2014-02-02 14:27:13: Erstelle Ordner '/Users/aisler/Sites/Quanty/smartphone/css'
2014-02-02 14:27:13: Erstelle Ordner '/Users/aisler/Sites/Quanty/smartphone/images'
2014-02-02 14:27:13: Erstelle Ordner 'ftp://openmetrics.ch/httpdocs/andi/templates'
2014-02-02 14:27:13: Erstelle Ordner '/Users/aisler/Sites/Quanty/web'
2014-02-02 14:27:13: Erstelle Ordner '/Users/aisler/Sites/Quanty/web/css'
2014-02-02 14:27:13: Erstelle Ordner '/Users/aisler/Sites/Quanty/web/images'
2014-02-02 14:27:13: Kopiere erneut 'ftp://openmetrics.ch/httpdocs/andi/.git/FETCH_HEAD' -> '/Users/aisler/Sites/Quanty/.git/FETCH_HEAD'
2014-02-02 14:27:13: Kopiere erneut 'ftp://openmetrics.ch/httpdocs/andi/.git/HEAD' -> '/Users/aisler/Sites/Quanty/.git/HEAD'
2014-02-02 14:27:13: Kopiere erneut 'ftp://openmetrics.ch/httpdocs/andi/.htaccess' -> '/Users/aisler/Sites/Quanty/.htaccess'
2014-02-02 14:27:14: Kopiere erneut 'ftp://openmetrics.ch/httpdocs/andi/app/config.php' -> '/Users/aisler/Sites/Quanty/app/config.php'
2014-02-02 14:27:14: Kopiere erneut 'ftp://openmetrics.ch/httpdocs/andi/app/contact.php' -> '/Users/aisler/Sites/Quanty/app/contact.php'
2014-02-02 14:27:14: Kopiere erneut 'ftp://openmetrics.ch/httpdocs/andi/app/detect.php' -> '/Users/aisler/Sites/Quanty/app/detect.php'
2014-02-02 14:27:14: Kopiere erneut '/Users/aisler/Sites/Quanty/css/bootstrap-theme.css' -> 'ftp://openmetrics.ch/httpdocs/andi/css/bootstrap-theme.css'
2014-02-02 14:27:14: Kopiere erneut '/Users/aisler/Sites/Quanty/css/bootstrap-theme.css.map' -> 'ftp://openmetrics.ch/httpdocs/andi/css/bootstrap-theme.css.map'
2014-02-02 14:27:14: Kopiere erneut '/Users/aisler/Sites/Quanty/css/bootstrap-theme.min.css' -> 'ftp://openmetrics.ch/httpdocs/andi/css/bootstrap-theme.min.css'
2014-02-02 14:27:16: Kopiere erneut '/Users/aisler/Sites/Quanty/css/bootstrap.css' -> 'ftp://openmetrics.ch/httpdocs/andi/css/bootstrap.css'
2014-02-02 14:27:18: Kopiere erneut '/Users/aisler/Sites/Quanty/css/bootstrap.css.map' -> 'ftp://openmetrics.ch/httpdocs/andi/css/bootstrap.css.map'
2014-02-02 14:27:19: Kopiere erneut '/Users/aisler/Sites/Quanty/css/bootstrap.min.css' -> 'ftp://openmetrics.ch/httpdocs/andi/css/bootstrap.min.css'
2014-02-02 14:27:19: Kopiere erneut '/Users/aisler/Sites/Quanty/css/quanty.css' -> 'ftp://openmetrics.ch/httpdocs/andi/css/quanty.css'
2014-02-02 14:27:19: Kopiere erneut '/Users/aisler/Sites/Quanty/fonts/glyphicons-halflings-regular.eot' -> 'ftp://openmetrics.ch/httpdocs/andi/fonts/glyphicons-halflings-regular.eot'
2014-02-02 14:27:20: Kopiere erneut '/Users/aisler/Sites/Quanty/fonts/glyphicons-halflings-regular.svg' -> 'ftp://openmetrics.ch/httpdocs/andi/fonts/glyphicons-halflings-regular.svg'
2014-02-02 14:27:21: Kopiere erneut '/Users/aisler/Sites/Quanty/fonts/glyphicons-halflings-regular.ttf' -> 'ftp://openmetrics.ch/httpdocs/andi/fonts/glyphicons-halflings-regular.ttf'
2014-02-02 14:27:21: Kopiere erneut '/Users/aisler/Sites/Quanty/fonts/glyphicons-halflings-regular.woff' -> 'ftp://openmetrics.ch/httpdocs/andi/fonts/glyphicons-halflings-regular.woff'
2014-02-02 14:27:21: Kopiere erneut '/Users/aisler/Sites/Quanty/img/glyphicons-halflings-white.png' -> 'ftp://openmetrics.ch/httpdocs/andi/img/glyphicons-halflings-white.png'
2014-02-02 14:27:21: Kopiere erneut '/Users/aisler/Sites/Quanty/img/glyphicons-halflings.png' -> 'ftp://openmetrics.ch/httpdocs/andi/img/glyphicons-halflings.png'
2014-02-02 14:27:21: Kopiere erneut '/Users/aisler/Sites/Quanty/index.html' -> 'ftp://openmetrics.ch/httpdocs/andi/index.html'
2014-02-02 14:27:21: Kopiere erneut 'ftp://openmetrics.ch/httpdocs/andi/index.php' -> '/Users/aisler/Sites/Quanty/index.php'
2014-02-02 14:27:22: Kopiere erneut '/Users/aisler/Sites/Quanty/js/bootstrap.js' -> 'ftp://openmetrics.ch/httpdocs/andi/js/bootstrap.js'
2014-02-02 14:27:22: Kopiere erneut '/Users/aisler/Sites/Quanty/js/bootstrap.min.js' -> 'ftp://openmetrics.ch/httpdocs/andi/js/bootstrap.min.js'
2014-02-02 14:27:22: Kopiere erneut '/Users/aisler/Sites/Quanty/js/maps.js' -> 'ftp://openmetrics.ch/httpdocs/andi/js/maps.js'
2014-02-02 14:27:22: Kopiere erneut 'ftp://openmetrics.ch/httpdocs/andi/mobile/css/style.css' -> '/Users/aisler/Sites/Quanty/mobile/css/style.css'
2014-02-02 14:27:22: Kopiere erneut 'ftp://openmetrics.ch/httpdocs/andi/mobile/images/arrow.png' -> '/Users/aisler/Sites/Quanty/mobile/images/arrow.png'
2014-02-02 14:27:23: Kopiere erneut 'ftp://openmetrics.ch/httpdocs/andi/mobile/images/bg.png' -> '/Users/aisler/Sites/Quanty/mobile/images/bg.png'
2014-02-02 14:27:23: Kopiere erneut 'ftp://openmetrics.ch/httpdocs/andi/mobile/images/coming.png' -> '/Users/aisler/Sites/Quanty/mobile/images/coming.png'
2014-02-02 14:27:23: Kopiere erneut 'ftp://openmetrics.ch/httpdocs/andi/mobile/images/facebook.png' -> '/Users/aisler/Sites/Quanty/mobile/images/facebook.png'
2014-02-02 14:27:23: Kopiere erneut '/Users/aisler/Sites/Quanty/templates/navbar template' -> 'ftp://openmetrics.ch/httpdocs/andi/templates/navbar template'
2014-02-02 14:27:23: Kopiere erneut '/Users/aisler/Sites/Quanty/test.html' -> 'ftp://openmetrics.ch/httpdocs/andi/test.html'
2014-02-02 14:27:23: Sichere den Dateistatus ftp://openmetrics.ch/httpdocs/andi/_gsdata_/_file_state_v4._gs
2014-02-02 14:27:23: Sync Dateien OK: 89, Fehler: 0
2014-02-02 14:27:23: ===== Sync abgeschlossen. Dauer: 00:00:10, Geschwindigkeit: 106.5 KB/s =====
2014-02-02 14:27:23: --- Do one more Analyze to get latest changes of this Sync ---
2014-02-02 14:27:23: ----- Auftrag 'Neuer Auftrag': ANALYSE gestartet durch On File Change PostSync Re-Analyze auf folgendem PC 'Andreas Islers MacBook Pro' (GoodSync v 4.4.7.7) -----
2014-02-02 14:27:23: ftp://openmetrics.ch/httpdocs/andi <-> /Users/aisler/Sites/Quanty, NoWaitForLocks, UberUnlocked, ResolveConflicts=RightToLeft
2014-02-02 14:27:23: Change in: /Users/aisler/Sites/Quanty/smartphone/css
2014-02-02 14:27:23: Change in: /Users/aisler/Sites/Quanty/smartphone/images
2014-02-02 14:27:23: Change in: /Users/aisler/Sites/Quanty/.git/FETCH_HEAD
2014-02-02 14:27:23: Change in: /Users/aisler/Sites/Quanty/app/contact.php
2014-02-02 14:27:23: Change in: /Users/aisler/Sites/Quanty/web/css
2014-02-02 14:27:23: Change in: /Users/aisler/Sites/Quanty/index.php
2014-02-02 14:27:23: Change in: /Users/aisler/Sites/Quanty/mobile/images/bg.png
2014-02-02 14:27:23: Change in: /Users/aisler/Sites/Quanty/mobile/css/style.css
2014-02-02 14:27:23: Change in: /Users/aisler/Sites/Quanty/mobile
2014-02-02 14:27:23: Change in: /Users/aisler/Sites/Quanty/.git/HEAD
2014-02-02 14:27:23: Change in: /Users/aisler/Sites/Quanty/app
2014-02-02 14:27:23: Change in: /Users/aisler/Sites/Quanty/.htaccess
2014-02-02 14:27:23: Change in: /Users/aisler/Sites/Quanty/mobile/css
2014-02-02 14:27:23: Change in: /Users/aisler/Sites/Quanty/app/config.php
2014-02-02 14:27:23: Change in: /Users/aisler/Sites/Quanty/app/detect.php
2014-02-02 14:27:23: Change in: /Users/aisler/Sites/Quanty/mobile/images
2014-02-02 14:27:23: Change in: /Users/aisler/Sites/Quanty/web/images
2014-02-02 14:27:23: Change in: /Users/aisler/Sites/Quanty/smartphone
2014-02-02 14:27:23: Change in: /Users/aisler/Sites/Quanty/web
2014-02-02 14:27:23: Change in: /Users/aisler/Sites/Quanty/mobile/images/arrow.png
2014-02-02 14:27:23: Änderungen: 0, Konflikte: 0, Kopierdauer: 0, Kopierstatus: 0/1, Fehler: 0
2014-02-02 14:27:23: ----- Analyse abgeschlossen. Dauer 00:00:10, Geschwindigkeit: 5 Datei/en -----
2014-02-02 14:27:23: ===== Auftrag 'Neuer Auftrag': SYNC gestartet durch On File Change PostSync Re-Analyze durch folgenden PC 'Andreas Islers MacBook Pro' =====
2014-02-02 14:27:23: ftp://openmetrics.ch/httpdocs/andi <-> /Users/aisler/Sites/Quanty, NoWaitForLocks, UberUnlocked, ResolveConflicts=RightToLeft
2014-02-02 14:27:24: Sichere den Dateistatus ftp://openmetrics.ch/httpdocs/andi/_gsdata_/_file_state_v4._gs
2014-02-02 14:27:24: Sync Dateien OK: 1, Fehler: 0
2014-02-02 14:27:24: ===== Sync abgeschlossen. Dauer: 00:00:01, Geschwindigkeit: 2.7 KB/s =====
2014-02-02 14:27:24: 
