2014-02-02 14:38:22: ----- Auftrag 'Neuer Auftrag': ANALYSE gestartet durch On File Change Incremental auf folgendem PC 'Andreas Islers MacBook Pro' (GoodSync v 4.4.7.7) -----
2014-02-02 14:38:22: ftp://openmetrics.ch/httpdocs/andi <-> /Users/aisler/Sites/Quanty, NoWaitForLocks, UberUnlocked, ResolveConflicts=RightToLeft
2014-02-02 14:38:22: Change in: /Users/aisler/Sites/Quanty/css/bootstrap-theme.css
2014-02-02 14:38:22: Change in: /Users/aisler/Sites/Quanty/.git/objects/tmp_object_git2_JkJjMk
2014-02-02 14:38:22: Change in: /Users/aisler/Sites/Quanty/.git/objects/tmp_object_git2_TPVPzK
2014-02-02 14:38:22: Change in: /Users/aisler/Sites/Quanty/.git/objects/tmp_object_git2_pbw6oo
2014-02-02 14:38:22: Change in: /Users/aisler/Sites/Quanty/.git/objects/4b/962aa96d441b52768853d8a39ffbffef735d09
2014-02-02 14:38:22: Change in: /Users/aisler/Sites/Quanty/.git/objects/tmp_object_git2_X1RHj4
2014-02-02 14:38:22: Change in: /Users/aisler/Sites/Quanty/.git/objects/a5/46faa386efb4834665943a9a554c08c8d50aae
2014-02-02 14:38:22: Change in: /Users/aisler/Sites/Quanty/smartphone/css/style.css
2014-02-02 14:38:22: Change in: /Users/aisler/Sites/Quanty/.git/objects/tmp_object_git2_vyM7OG
2014-02-02 14:38:22: Change in: /Users/aisler/Sites/Quanty/.git/objects/tmp_object_git2_rnSx2E
2014-02-02 14:38:22: Change in: /Users/aisler/Sites/Quanty/web/images/twitter.png
2014-02-02 14:38:22: Change in: /Users/aisler/Sites/Quanty/smartphone/w3layouts-license.txt
2014-02-02 14:38:22: Change in: /Users/aisler/Sites/Quanty/smartphone/index.html
2014-02-02 14:38:22: Change in: /Users/aisler/Sites/Quanty/.gitignore
2014-02-02 14:38:22: Change in: /Users/aisler/Sites/Quanty/.git/objects/tmp_object_git2_bNG6DJ
2014-02-02 14:38:22: Change in: /Users/aisler/Sites/Quanty/.git/objects/tmp_object_git2_Wt3pgM
2014-02-02 14:38:22: Change in: /Users/aisler/Sites/Quanty/css/bootstrap-theme.css.map
2014-02-02 14:38:22: Change in: /Users/aisler/Sites/Quanty/.git/objects/da/3cf91f30599872f128b2ce05a1d2947bc01f23
2014-02-02 14:38:22: Change in: /Users/aisler/Sites/Quanty/css/bootstrap.css.map
2014-02-02 14:38:22: Change in: /Users/aisler/Sites/Quanty/.git/objects/tmp_object_git2_T4xz7L
2014-02-02 14:38:22: Change in: /Users/aisler/Sites/Quanty/.git/objects/tmp_object_git2_YgahMA
2014-02-02 14:38:22: Change in: /Users/aisler/Sites/Quanty/.git/objects/65/c929cf1212923fe1969dbb1e106f09a88d97dd
2014-02-02 14:38:22: Change in: /Users/aisler/Sites/Quanty/templates/navbar template
2014-02-02 14:38:22: Change in: /Users/aisler/Sites/Quanty/.git/objects/tmp_object_git2_qrHDRL
2014-02-02 14:38:22: Change in: /Users/aisler/Sites/Quanty/.git/objects/49/c3d50fa9e2d0188d7560e789507a6037ff36df
2014-02-02 14:38:22: Change in: /Users/aisler/Sites/Quanty/mobile/index.html
2014-02-02 14:38:22: Change in: /Users/aisler/Sites/Quanty/.git/objects/tmp_object_git2_HTAxaN
2014-02-02 14:38:22: Change in: /Users/aisler/Sites/Quanty/.git/objects/6a/ce598a1fa4378b004d11fa9c2c22cf8135028c
2014-02-02 14:38:22: Change in: /Users/aisler/Sites/Quanty/mobile/w3layouts-license.txt
2014-02-02 14:38:22: Change in: /Users/aisler/Sites/Quanty/.git/logs/refs/stash
2014-02-02 14:38:22: Change in: /Users/aisler/Sites/Quanty/css/bootstrap-theme.min.css
2014-02-02 14:38:22: Change in: /Users/aisler/Sites/Quanty/css
2014-02-02 14:38:22: Change in: /Users/aisler/Sites/Quanty/.git/objects/tmp_object_git2_uk3U0k
2014-02-02 14:38:22: Change in: /Users/aisler/Sites/Quanty/web/images/facebook.png
2014-02-02 14:38:22: Change in: /Users/aisler/Sites/Quanty/.git/logs/refs/stash.lock
2014-02-02 14:38:22: Change in: /Users/aisler/Sites/Quanty/.git/objects/tmp_object_git2_RWQ1IP
2014-02-02 14:38:22: Change in: /Users/aisler/Sites/Quanty/js
2014-02-02 14:38:22: Change in: /Users/aisler/Sites/Quanty/.git/index.lock
2014-02-02 14:38:22: Change in: /Users/aisler/Sites/Quanty/web/images/arrow.png
2014-02-02 14:38:22: Change in: /Users/aisler/Sites/Quanty/css/bootstrap.min.css
2014-02-02 14:38:22: Change in: /Users/aisler/Sites/Quanty/.git/objects/tmp_object_git2_xFNdY3
2014-02-02 14:38:22: Change in: /Users/aisler/Sites/Quanty/smartphone/images/coming.png
2014-02-02 14:38:22: Change in: /Users/aisler/Sites/Quanty/web/w3layouts-license.txt
2014-02-02 14:38:22: Change in: /Users/aisler/Sites/Quanty/web/index.html
2014-02-02 14:38:22: Change in: /Users/aisler/Sites/Quanty/fonts
2014-02-02 14:38:22: Change in: /Users/aisler/Sites/Quanty/smartphone/images/top.png
2014-02-02 14:38:22: Change in: /Users/aisler/Sites/Quanty/w3layouts-license.txt
2014-02-02 14:38:22: Change in: /Users/aisler/Sites/Quanty/templates
2014-02-02 14:38:22: Change in: /Users/aisler/Sites/Quanty/web/images/top.png
2014-02-02 14:38:22: Change in: /Users/aisler/Sites/Quanty/.git/refs/stash.lock
2014-02-02 14:38:22: Change in: /Users/aisler/Sites/Quanty/.git/objects/tmp_object_git2_7xut5x
2014-02-02 14:38:22: Change in: /Users/aisler/Sites/Quanty/mobile/images/twitter.png
2014-02-02 14:38:22: Change in: /Users/aisler/Sites/Quanty/.git/objects/tmp_object_git2_q5hQHG
2014-02-02 14:38:22: Change in: /Users/aisler/Sites/Quanty/.git/objects/tmp_object_git2_nSwZ2d
2014-02-02 14:38:22: Change in: /Users/aisler/Sites/Quanty/web/images/bg.png
2014-02-02 14:38:22: Change in: /Users/aisler/Sites/Quanty/.git/objects/tmp_object_git2_T43oe2
2014-02-02 14:38:22: Change in: /Users/aisler/Sites/Quanty/.git/objects/tmp_object_git2_hQrpGV
2014-02-02 14:38:22: Change in: /Users/aisler/Sites/Quanty/mobile/images/top.png
2014-02-02 14:38:22: Change in: /Users/aisler/Sites/Quanty/.git/objects/tmp_object_git2_a7EkPL
2014-02-02 14:38:22: Change in: /Users/aisler/Sites/Quanty/.git/objects/tmp_object_git2_BcoRfW
2014-02-02 14:38:22: Change in: /Users/aisler/Sites/Quanty/.git/objects/tmp_object_git2_rmIcUi
2014-02-02 14:38:22: Change in: /Users/aisler/Sites/Quanty/.git/objects/tmp_object_git2_IfYI3q
2014-02-02 14:38:22: Change in: /Users/aisler/Sites/Quanty/index.html
2014-02-02 14:38:22: Change in: /Users/aisler/Sites/Quanty/smartphone/images/twitter.png
2014-02-02 14:38:22: Change in: /Users/aisler/Sites/Quanty/.git/objects/69/53d41f9b3d48ca957f6b2b4600ff82ea9cafa3
2014-02-02 14:38:22: Change in: /Users/aisler/Sites/Quanty/css/quanty.css
2014-02-02 14:38:22: Change in: /Users/aisler/Sites/Quanty/js/bootstrap.min.js
2014-02-02 14:38:22: Change in: /Users/aisler/Sites/Quanty/.git/objects/tmp_object_git2_6mqOm8
2014-02-02 14:38:22: Change in: /Users/aisler/Sites/Quanty/img
2014-02-02 14:38:22: Change in: /Users/aisler/Sites/Quanty/.git/objects/tmp_object_git2_d5uqva
2014-02-02 14:38:22: Change in: /Users/aisler/Sites/Quanty/.git/objects/tmp_object_git2_CyXj5c
2014-02-02 14:38:22: Change in: /Users/aisler/Sites/Quanty/smartphone/images/arrow.png
2014-02-02 14:38:22: Change in: /Users/aisler/Sites/Quanty/fonts/glyphicons-halflings-regular.eot
2014-02-02 14:38:22: Change in: /Users/aisler/Sites/Quanty/.git/objects/tmp_object_git2_SW4wOv
2014-02-02 14:38:22: Change in: /Users/aisler/Sites/Quanty/smartphone/images/facebook.png
2014-02-02 14:38:22: Change in: /Users/aisler/Sites/Quanty/.git/objects/tmp_object_git2_N2LpxL
2014-02-02 14:38:22: Change in: /Users/aisler/Sites/Quanty/fonts/glyphicons-halflings-regular.ttf
2014-02-02 14:38:22: Change in: /Users/aisler/Sites/Quanty/fonts/glyphicons-halflings-regular.woff
2014-02-02 14:38:22: Change in: /Users/aisler/Sites/Quanty/.git/objects/tmp_object_git2_JNwp6u
2014-02-02 14:38:22: Change in: /Users/aisler/Sites/Quanty/.git/objects/tmp_object_git2_YeEzKf
2014-02-02 14:38:22: Change in: /Users/aisler/Sites/Quanty/js/bootstrap.js
2014-02-02 14:38:22: Change in: /Users/aisler/Sites/Quanty/fonts/glyphicons-halflings-regular.svg
2014-02-02 14:38:22: Change in: /Users/aisler/Sites/Quanty/.git/objects/tmp_object_git2_ybKHvC
2014-02-02 14:38:22: Change in: /Users/aisler/Sites/Quanty/img/glyphicons-halflings-white.png
2014-02-02 14:38:22: Change in: /Users/aisler/Sites/Quanty/smartphone/images/bg.png
2014-02-02 14:38:22: Change in: /Users/aisler/Sites/Quanty/web/images/coming.png
2014-02-02 14:38:22: Change in: /Users/aisler/Sites/Quanty/.git/objects/4b
2014-02-02 14:38:22: Change in: /Users/aisler/Sites/Quanty/.git/objects/tmp_object_git2_IkpbJW
2014-02-02 14:38:22: Change in: /Users/aisler/Sites/Quanty/.git/objects/tmp_object_git2_XLsQVu
2014-02-02 14:38:22: Change in: /Users/aisler/Sites/Quanty/.git/index
2014-02-02 14:38:22: Change in: /Users/aisler/Sites/Quanty/web/css/style.css
2014-02-02 14:38:22: Change in: /Users/aisler/Sites/Quanty/.git/objects/tmp_object_git2_AfYhQO
2014-02-02 14:38:22: Change in: /Users/aisler/Sites/Quanty/js/maps.js
2014-02-02 14:38:22: Change in: /Users/aisler/Sites/Quanty/.git/objects/tmp_object_git2_OUDFyV
2014-02-02 14:38:22: Change in: /Users/aisler/Sites/Quanty/.git/objects/84/383fb18f62bb2731057f1ad621e05ef0a1755e
2014-02-02 14:38:22: Change in: /Users/aisler/Sites/Quanty/css/bootstrap.css
2014-02-02 14:38:22: Change in: /Users/aisler/Sites/Quanty/.git/objects/tmp_object_git2_F6yfQ3
2014-02-02 14:38:22: Change in: /Users/aisler/Sites/Quanty/test.html
2014-02-02 14:38:22: Change in: /Users/aisler/Sites/Quanty/.git/objects/tmp_object_git2_PhQZvI
2014-02-02 14:38:22: Change in: /Users/aisler/Sites/Quanty/img/glyphicons-halflings.png
2014-02-02 14:38:22: Change in: /Users/aisler/Sites/Quanty/.git/refs/stash
2014-02-02 14:38:22: Änderungen: 54, Konflikte: 0, Kopierdauer: 0, Kopierstatus: 0/1, Fehler: 0
2014-02-02 14:38:22: Right to Left: Copy File: 30 Delete File: 24 
2014-02-02 14:38:22: ----- Analyse abgeschlossen. Dauer 00:00:00, Geschwindigkeit: Many Datei/en -----
2014-02-02 14:38:22: ===== Auftrag 'Neuer Auftrag': SYNC gestartet durch On File Change Incremental durch folgenden PC 'Andreas Islers MacBook Pro' =====
2014-02-02 14:38:22: ftp://openmetrics.ch/httpdocs/andi <-> /Users/aisler/Sites/Quanty, NoWaitForLocks, UberUnlocked, ResolveConflicts=RightToLeft
2014-02-02 14:38:22: Lösche Datei 'ftp://openmetrics.ch/httpdocs/andi/css/bootstrap-theme.css'
2014-02-02 14:38:22: Lösche Datei 'ftp://openmetrics.ch/httpdocs/andi/css/bootstrap-theme.css.map'
2014-02-02 14:38:22: Lösche Datei 'ftp://openmetrics.ch/httpdocs/andi/css/bootstrap-theme.min.css'
2014-02-02 14:38:24: Lösche Datei 'ftp://openmetrics.ch/httpdocs/andi/css/bootstrap.css'
2014-02-02 14:38:24: Lösche Datei 'ftp://openmetrics.ch/httpdocs/andi/css/bootstrap.css.map'
2014-02-02 14:38:24: Lösche Datei 'ftp://openmetrics.ch/httpdocs/andi/css/bootstrap.min.css'
2014-02-02 14:38:24: Lösche Datei 'ftp://openmetrics.ch/httpdocs/andi/css/quanty.css'
2014-02-02 14:38:24: Lösche Ordner 'ftp://openmetrics.ch/httpdocs/andi/css'
2014-02-02 14:38:24: Lösche Datei 'ftp://openmetrics.ch/httpdocs/andi/fonts/glyphicons-halflings-regular.eot'
2014-02-02 14:38:24: Lösche Datei 'ftp://openmetrics.ch/httpdocs/andi/fonts/glyphicons-halflings-regular.svg'
2014-02-02 14:38:24: Lösche Datei 'ftp://openmetrics.ch/httpdocs/andi/fonts/glyphicons-halflings-regular.ttf'
2014-02-02 14:38:24: Lösche Datei 'ftp://openmetrics.ch/httpdocs/andi/fonts/glyphicons-halflings-regular.woff'
2014-02-02 14:38:24: Lösche Ordner 'ftp://openmetrics.ch/httpdocs/andi/fonts'
2014-02-02 14:38:24: Lösche Datei 'ftp://openmetrics.ch/httpdocs/andi/img/glyphicons-halflings-white.png'
2014-02-02 14:38:24: Lösche Datei 'ftp://openmetrics.ch/httpdocs/andi/img/glyphicons-halflings.png'
2014-02-02 14:38:24: Lösche Ordner 'ftp://openmetrics.ch/httpdocs/andi/img'
2014-02-02 14:38:25: Lösche Datei 'ftp://openmetrics.ch/httpdocs/andi/index.html'
2014-02-02 14:38:25: Lösche Datei 'ftp://openmetrics.ch/httpdocs/andi/js/bootstrap.js'
2014-02-02 14:38:25: Lösche Datei 'ftp://openmetrics.ch/httpdocs/andi/js/bootstrap.min.js'
2014-02-02 14:38:25: Lösche Datei 'ftp://openmetrics.ch/httpdocs/andi/js/maps.js'
2014-02-02 14:38:25: Lösche Ordner 'ftp://openmetrics.ch/httpdocs/andi/js'
2014-02-02 14:38:25: Lösche Datei 'ftp://openmetrics.ch/httpdocs/andi/templates/navbar template'
2014-02-02 14:38:25: Lösche Ordner 'ftp://openmetrics.ch/httpdocs/andi/templates'
2014-02-02 14:38:25: Lösche Datei 'ftp://openmetrics.ch/httpdocs/andi/test.html'
2014-02-02 14:38:25: Erstelle Ordner 'ftp://openmetrics.ch/httpdocs/andi/.git/objects/4b'
- FEHLER: Cannot create folder: Server says: /httpdocs/andi/.git/objects/4b: No such file or directory
2014-02-02 14:38:25: Kopiere erneut '/Users/aisler/Sites/Quanty/.git/logs/refs/stash' -> 'ftp://openmetrics.ch/httpdocs/andi/.git/logs/refs/stash'
- FEHLER: Cannot rename temp file to destination file: Server says: Rename /httpdocs/andi/.git/logs/refs/stash: No such file or directory, Deleting: Server says: /httpdocs/andi/.git/logs/refs/stash: No such file or directory
2014-02-02 14:38:26: Kopiere erneut '/Users/aisler/Sites/Quanty/.git/objects/49/c3d50fa9e2d0188d7560e789507a6037ff36df' -> 'ftp://openmetrics.ch/httpdocs/andi/.git/objects/49/c3d50fa9e2d0188d7560e789507a6037ff36df'
- FEHLER: Cannot rename temp file to destination file: Server says: Rename /httpdocs/andi/.git/objects/49/c3d50fa9e2d0188d7560e789507a6037ff36df: No such file or directory, Deleting: Server says: /httpdocs/andi/.git/objects/49/c3d50fa9e2d0188d7560e789507a6037ff36df: No such file or directory
2014-02-02 14:38:26: Kopiere erneut '/Users/aisler/Sites/Quanty/.git/objects/65/c929cf1212923fe1969dbb1e106f09a88d97dd' -> 'ftp://openmetrics.ch/httpdocs/andi/.git/objects/65/c929cf1212923fe1969dbb1e106f09a88d97dd'
- FEHLER: Cannot rename temp file to destination file: Server says: Rename /httpdocs/andi/.git/objects/65/c929cf1212923fe1969dbb1e106f09a88d97dd: No such file or directory, Deleting: Server says: /httpdocs/andi/.git/objects/65/c929cf1212923fe1969dbb1e106f09a88d97dd: No such file or directory
2014-02-02 14:38:26: Kopiere erneut '/Users/aisler/Sites/Quanty/.git/objects/6a/ce598a1fa4378b004d11fa9c2c22cf8135028c' -> 'ftp://openmetrics.ch/httpdocs/andi/.git/objects/6a/ce598a1fa4378b004d11fa9c2c22cf8135028c'
- FEHLER: Cannot rename temp file to destination file: Server says: Rename /httpdocs/andi/.git/objects/6a/ce598a1fa4378b004d11fa9c2c22cf8135028c: No such file or directory, Deleting: Server says: /httpdocs/andi/.git/objects/6a/ce598a1fa4378b004d11fa9c2c22cf8135028c: No such file or directory
2014-02-02 14:38:26: Kopiere erneut '/Users/aisler/Sites/Quanty/.git/objects/84/383fb18f62bb2731057f1ad621e05ef0a1755e' -> 'ftp://openmetrics.ch/httpdocs/andi/.git/objects/84/383fb18f62bb2731057f1ad621e05ef0a1755e'
- FEHLER: Cannot rename temp file to destination file: Server says: Rename /httpdocs/andi/.git/objects/84/383fb18f62bb2731057f1ad621e05ef0a1755e: No such file or directory, Deleting: Server says: /httpdocs/andi/.git/objects/84/383fb18f62bb2731057f1ad621e05ef0a1755e: No such file or directory
2014-02-02 14:38:26: Kopiere erneut '/Users/aisler/Sites/Quanty/mobile/images/top.png' -> 'ftp://openmetrics.ch/httpdocs/andi/mobile/images/top.png'
2014-02-02 14:38:26: Kopiere erneut '/Users/aisler/Sites/Quanty/mobile/images/twitter.png' -> 'ftp://openmetrics.ch/httpdocs/andi/mobile/images/twitter.png'
2014-02-02 14:38:26: Kopiere erneut '/Users/aisler/Sites/Quanty/mobile/index.html' -> 'ftp://openmetrics.ch/httpdocs/andi/mobile/index.html'
2014-02-02 14:38:27: Kopiere erneut '/Users/aisler/Sites/Quanty/mobile/w3layouts-license.txt' -> 'ftp://openmetrics.ch/httpdocs/andi/mobile/w3layouts-license.txt'
2014-02-02 14:38:27: Kopiere erneut '/Users/aisler/Sites/Quanty/smartphone/css/style.css' -> 'ftp://openmetrics.ch/httpdocs/andi/smartphone/css/style.css'
2014-02-02 14:38:27: Kopiere erneut '/Users/aisler/Sites/Quanty/smartphone/images/arrow.png' -> 'ftp://openmetrics.ch/httpdocs/andi/smartphone/images/arrow.png'
2014-02-02 14:38:29: Kopiere erneut '/Users/aisler/Sites/Quanty/smartphone/images/bg.png' -> 'ftp://openmetrics.ch/httpdocs/andi/smartphone/images/bg.png'
2014-02-02 14:38:29: Kopiere erneut '/Users/aisler/Sites/Quanty/smartphone/images/coming.png' -> 'ftp://openmetrics.ch/httpdocs/andi/smartphone/images/coming.png'
2014-02-02 14:38:29: Kopiere erneut '/Users/aisler/Sites/Quanty/smartphone/images/facebook.png' -> 'ftp://openmetrics.ch/httpdocs/andi/smartphone/images/facebook.png'
2014-02-02 14:38:30: Kopiere erneut '/Users/aisler/Sites/Quanty/smartphone/images/top.png' -> 'ftp://openmetrics.ch/httpdocs/andi/smartphone/images/top.png'
2014-02-02 14:38:30: Kopiere erneut '/Users/aisler/Sites/Quanty/smartphone/images/twitter.png' -> 'ftp://openmetrics.ch/httpdocs/andi/smartphone/images/twitter.png'
2014-02-02 14:38:30: Kopiere erneut '/Users/aisler/Sites/Quanty/smartphone/index.html' -> 'ftp://openmetrics.ch/httpdocs/andi/smartphone/index.html'
2014-02-02 14:38:30: Kopiere erneut '/Users/aisler/Sites/Quanty/smartphone/w3layouts-license.txt' -> 'ftp://openmetrics.ch/httpdocs/andi/smartphone/w3layouts-license.txt'
2014-02-02 14:38:30: Kopiere erneut '/Users/aisler/Sites/Quanty/w3layouts-license.txt' -> 'ftp://openmetrics.ch/httpdocs/andi/w3layouts-license.txt'
2014-02-02 14:38:30: Kopiere erneut '/Users/aisler/Sites/Quanty/web/css/style.css' -> 'ftp://openmetrics.ch/httpdocs/andi/web/css/style.css'
2014-02-02 14:38:30: Kopiere erneut '/Users/aisler/Sites/Quanty/web/images/arrow.png' -> 'ftp://openmetrics.ch/httpdocs/andi/web/images/arrow.png'
2014-02-02 14:38:32: Kopiere erneut '/Users/aisler/Sites/Quanty/web/images/bg.png' -> 'ftp://openmetrics.ch/httpdocs/andi/web/images/bg.png'
2014-02-02 14:38:33: Kopiere erneut '/Users/aisler/Sites/Quanty/web/images/coming.png' -> 'ftp://openmetrics.ch/httpdocs/andi/web/images/coming.png'
2014-02-02 14:38:33: Kopiere erneut '/Users/aisler/Sites/Quanty/web/images/facebook.png' -> 'ftp://openmetrics.ch/httpdocs/andi/web/images/facebook.png'
2014-02-02 14:38:33: Kopiere erneut '/Users/aisler/Sites/Quanty/web/images/top.png' -> 'ftp://openmetrics.ch/httpdocs/andi/web/images/top.png'
2014-02-02 14:38:33: Kopiere erneut '/Users/aisler/Sites/Quanty/web/images/twitter.png' -> 'ftp://openmetrics.ch/httpdocs/andi/web/images/twitter.png'
2014-02-02 14:38:33: Kopiere erneut '/Users/aisler/Sites/Quanty/web/index.html' -> 'ftp://openmetrics.ch/httpdocs/andi/web/index.html'
2014-02-02 14:38:34: Kopiere erneut '/Users/aisler/Sites/Quanty/web/w3layouts-license.txt' -> 'ftp://openmetrics.ch/httpdocs/andi/web/w3layouts-license.txt'
2014-02-02 14:38:34: Sichere den Dateistatus ftp://openmetrics.ch/httpdocs/andi/_gsdata_/_file_state_v4._gs
2014-02-02 14:38:34: Sync mit 6 Fehlern beendet. Klicke auf das Fehler-Feld um die sync Fehler anzuzeigen
2014-02-02 14:38:34: Sync Dateien OK: 48, Fehler: 6
2014-02-02 14:38:34: ===== Sync abgeschlossen. Dauer: 00:00:12, Geschwindigkeit: 53.7 KB/s =====
2014-02-02 14:38:34: 
